TN:
SF:src\app.js
FN:19,createApp
FN:26,(anonymous_1)
FN:56,(anonymous_2)
FN:57,(anonymous_3)
FNF:4
FNH:2
FNDA:6,createApp
FNDA:43,(anonymous_1)
FNDA:0,(anonymous_2)
FNDA:0,(anonymous_3)
DA:20,6
DA:23,6
DA:26,6
DA:27,43
DA:28,43
DA:30,43
DA:31,0
DA:34,43
DA:35,43
DA:36,43
DA:38,43
DA:39,0
DA:40,0
DA:43,43
DA:47,6
DA:48,6
DA:51,6
DA:52,6
DA:53,6
DA:54,6
DA:56,6
DA:57,6
DA:59,6
DA:60,6
DA:61,6
DA:62,6
DA:63,6
DA:64,6
DA:65,6
DA:67,6
DA:68,6
LF:31
LH:28
BRDA:30,0,0,0
BRDA:30,0,1,43
BRDA:38,1,0,0
BRDA:38,1,1,43
BRF:4
BRH:2
end_of_record
TN:
SF:src\config.js
FNF:0
FNH:0
DA:2,6
LF:1
LH:1
BRDA:3,0,0,6
BRDA:3,0,1,0
BRDA:4,1,0,6
BRDA:4,1,1,0
BRDA:5,2,0,6
BRDA:5,2,1,0
BRDA:6,3,0,6
BRDA:6,3,1,0
BRDA:7,4,0,6
BRDA:7,4,1,0
BRDA:8,5,0,6
BRDA:8,5,1,0
BRDA:9,6,0,6
BRDA:9,6,1,0
BRDA:10,7,0,6
BRDA:10,7,1,0
BRDA:13,8,0,6
BRDA:13,8,1,6
BRDA:14,9,0,6
BRDA:14,9,1,6
BRDA:18,10,0,6
BRDA:18,10,1,6
BRDA:19,11,0,6
BRDA:19,11,1,6
BRDA:20,12,0,6
BRDA:20,12,1,6
BRF:26
BRH:18
end_of_record
TN:
SF:src\seed-and-start.js
FN:9,(anonymous_0)
FN:11,(anonymous_1)
FNF:2
FNH:0
FNDA:0,(anonymous_0)
FNDA:0,(anonymous_1)
DA:9,0
DA:11,0
DA:14,0
DA:16,0
DA:17,0
DA:18,0
DA:19,0
DA:21,0
DA:27,0
DA:33,0
DA:34,0
DA:35,0
DA:36,0
DA:37,0
LF:14
LH:0
BRF:0
BRH:0
end_of_record
TN:
SF:src\lib\db-dev.js
FN:7,connectDevDB
FN:30,disconnectDevDB
FN:43,(anonymous_2)
FN:48,(anonymous_3)
FNF:4
FNH:0
FNDA:0,connectDevDB
FNDA:0,disconnectDevDB
FNDA:0,(anonymous_2)
FNDA:0,(anonymous_3)
DA:5,0
DA:8,0
DA:10,0
DA:17,0
DA:18,0
DA:20,0
DA:21,0
DA:23,0
DA:25,0
DA:26,0
DA:31,0
DA:32,0
DA:33,0
DA:34,0
DA:36,0
DA:38,0
DA:43,0
DA:44,0
DA:45,0
DA:48,0
DA:49,0
DA:50,0
LF:22
LH:0
BRDA:33,0,0,0
BRDA:33,0,1,0
BRF:2
BRH:0
end_of_record
TN:
SF:src\lib\db.js
FN:5,connectDB
FNF:1
FNH:0
FNDA:0,connectDB
DA:6,0
DA:7,0
DA:8,0
DA:9,0
DA:11,0
DA:15,0
LF:6
LH:0
BRF:0
BRH:0
end_of_record
TN:
SF:src\lib\jwt.js
FN:4,signJwt
FN:7,verifyJwt
FNF:2
FNH:2
FNDA:81,signJwt
FNDA:37,verifyJwt
DA:5,81
DA:8,37
LF:2
LH:2
BRDA:4,0,0,81
BRF:1
BRH:1
end_of_record
TN:
SF:src\lib\logger.js
FNF:0
FNH:0
DA:2,6
LF:1
LH:1
BRDA:2,0,0,6
BRDA:2,0,1,6
BRF:2
BRH:2
end_of_record
TN:
SF:src\lib\retry.js
FN:3,withRetry
FN:12,(anonymous_1)
FN:13,(anonymous_2)
FN:49,(anonymous_3)
FN:61,(anonymous_4)
FN:73,(anonymous_5)
FN:83,(anonymous_6)
FNF:7
FNH:5
FNDA:36,withRetry
FNDA:0,(anonymous_1)
FNDA:2,(anonymous_2)
FNDA:2,(anonymous_3)
FNDA:1,(anonymous_4)
FNDA:2,(anonymous_5)
FNDA:0,(anonymous_6)
DA:12,0
DA:15,36
DA:19,36
DA:20,36
DA:21,36
DA:23,33
DA:24,0
DA:27,33
DA:29,3
DA:31,3
DA:32,1
DA:33,1
DA:36,2
DA:41,2
DA:47,2
DA:49,2
DA:53,0
DA:57,6
DA:63,1
DA:75,2
DA:85,0
LF:21
LH:17
BRDA:5,0,0,0
BRDA:8,1,0,0
BRDA:9,2,0,0
BRDA:10,3,0,36
BRDA:11,4,0,36
BRDA:12,5,0,0
BRDA:13,6,0,36
BRDA:14,7,0,0
BRDA:23,8,0,0
BRDA:23,8,1,33
BRDA:31,9,0,1
BRDA:31,9,1,2
BRDA:31,10,0,3
BRDA:31,10,1,3
BRDA:63,11,0,1
BRDA:63,11,1,1
BRDA:63,11,2,1
BRDA:63,11,3,1
BRDA:75,12,0,2
BRDA:75,12,1,0
BRDA:85,13,0,0
BRDA:85,13,1,0
BRDA:85,13,2,0
BRDA:85,13,3,0
BRF:24
BRH:13
end_of_record
TN:
SF:src\lib\trace.js
FN:2,newTraceId
FNF:1
FNH:0
FNDA:0,newTraceId
DA:2,0
LF:1
LH:0
BRF:0
BRH:0
end_of_record
TN:
SF:src\lib\utils.js
FN:1,jsonOk
FN:4,jsonErr
FNF:2
FNH:0
FNDA:0,jsonOk
FNDA:0,jsonErr
DA:2,0
DA:5,0
LF:2
LH:0
BRDA:1,0,0,0
BRDA:4,1,0,0
BRDA:4,2,0,0
BRF:3
BRH:0
end_of_record
TN:
SF:src\middlewares\auth.js
FN:3,requireAuth
FNF:1
FNH:1
FNDA:37,requireAuth
DA:4,37
DA:5,37
DA:6,37
DA:7,37
DA:8,37
DA:9,37
DA:10,37
DA:12,0
LF:8
LH:7
BRDA:4,0,0,37
BRDA:4,0,1,0
BRDA:5,1,0,37
BRDA:5,1,1,0
BRDA:6,2,0,0
BRDA:6,2,1,37
BRF:6
BRH:3
end_of_record
TN:
SF:src\middlewares\error.js
FN:3,errorHandler
FNF:1
FNH:0
FNDA:0,errorHandler
DA:5,0
DA:14,0
DA:15,0
DA:19,0
DA:20,0
DA:22,0
DA:23,0
DA:24,0
DA:25,0
DA:26,0
DA:27,0
DA:28,0
DA:29,0
DA:30,0
DA:31,0
DA:32,0
DA:33,0
DA:37,0
DA:38,0
DA:41,0
LF:20
LH:0
BRDA:7,0,0,0
BRDA:7,0,1,0
BRDA:14,1,0,0
BRDA:14,1,1,0
BRDA:22,2,0,0
BRDA:22,2,1,0
BRDA:25,3,0,0
BRDA:25,3,1,0
BRDA:28,4,0,0
BRDA:28,4,1,0
BRDA:31,5,0,0
BRDA:31,5,1,0
BRDA:37,6,0,0
BRDA:37,6,1,0
BRDA:37,7,0,0
BRDA:37,7,1,0
BRDA:45,8,0,0
BRDA:45,8,1,0
BRF:18
BRH:0
end_of_record
TN:
SF:src\middlewares\idempotency.js
FN:7,(anonymous_0)
FN:18,(anonymous_1)
FN:55,(anonymous_2)
FNF:3
FNH:1
FNDA:0,(anonymous_0)
FNDA:43,(anonymous_1)
FNDA:0,(anonymous_2)
DA:4,6
DA:7,6
DA:8,0
DA:9,0
DA:11,0
DA:12,0
DA:13,0
DA:18,6
DA:20,43
DA:21,18
DA:24,25
DA:26,25
DA:28,25
DA:29,10
DA:31,25
DA:35,0
DA:36,0
DA:45,0
DA:46,0
DA:48,0
DA:50,0
DA:54,0
DA:55,0
DA:57,0
DA:63,0
DA:66,0
LF:26
LH:10
BRDA:12,0,0,0
BRDA:12,0,1,0
BRDA:20,1,0,18
BRDA:20,1,1,25
BRDA:26,2,0,25
BRDA:26,2,1,0
BRDA:28,3,0,10
BRDA:28,3,1,15
BRDA:28,4,0,25
BRDA:28,4,1,23
BRDA:35,5,0,0
BRDA:35,5,1,0
BRDA:45,6,0,0
BRDA:45,6,1,0
BRDA:48,7,0,0
BRDA:48,7,1,0
BRF:16
BRH:7
end_of_record
TN:
SF:src\middlewares\rateLimiting.js
FN:54,(anonymous_0)
FNF:1
FNH:0
FNDA:0,(anonymous_0)
DA:5,6
DA:20,6
DA:36,6
DA:51,6
DA:54,0
DA:59,6
LF:6
LH:5
BRF:0
BRH:0
end_of_record
TN:
SF:src\middlewares\rbac.js
FN:1,(anonymous_0)
FN:1,(anonymous_1)
FNF:2
FNH:2
FNDA:72,(anonymous_0)
FNDA:24,(anonymous_1)
DA:1,72
DA:2,24
DA:3,2
DA:5,22
LF:4
LH:4
BRDA:2,0,0,2
BRDA:2,0,1,22
BRDA:2,1,0,24
BRDA:2,1,1,24
BRF:4
BRH:4
end_of_record
TN:
SF:src\middlewares\requestLogger.js
FNF:0
FNH:0
DA:3,6
LF:1
LH:1
BRF:0
BRH:0
end_of_record
TN:
SF:src\middlewares\timeout.js
FN:1,(anonymous_0)
FN:1,(anonymous_1)
FN:2,(anonymous_2)
FN:16,(anonymous_3)
FN:22,(anonymous_4)
FN:28,(anonymous_5)
FNF:6
FNH:5
FNDA:6,(anonymous_0)
FNDA:43,(anonymous_1)
FNDA:0,(anonymous_2)
FNDA:42,(anonymous_3)
FNDA:42,(anonymous_4)
FNDA:42,(anonymous_5)
DA:1,6
DA:2,43
DA:3,0
DA:4,0
DA:15,43
DA:16,43
DA:17,42
DA:18,42
DA:21,43
DA:22,43
DA:23,42
DA:24,42
DA:27,43
DA:28,43
DA:29,42
DA:30,42
DA:33,43
LF:17
LH:15
BRDA:1,0,0,0
BRDA:3,1,0,0
BRDA:3,1,1,0
BRF:3
BRH:0
end_of_record
TN:
SF:src\middlewares\validate.js
FN:1,(anonymous_0)
FN:1,(anonymous_1)
FNF:2
FNH:2
FNDA:90,(anonymous_0)
FNDA:30,(anonymous_1)
DA:1,90
DA:2,30
DA:3,30
DA:4,29
DA:5,29
DA:7,1
DA:8,1
LF:7
LH:7
BRDA:11,0,0,1
BRDA:11,0,1,0
BRDA:12,1,0,1
BRDA:12,1,1,0
BRDA:13,2,0,1
BRDA:13,2,1,0
BRF:6
BRH:3
end_of_record
TN:
SF:src\models\AgentSuggestion.js
FNF:0
FNH:0
DA:2,6
DA:16,6
LF:2
LH:2
BRF:0
BRH:0
end_of_record
TN:
SF:src\models\Article.js
FNF:0
FNH:0
DA:3,6
DA:10,6
DA:12,6
LF:3
LH:3
BRF:0
BRH:0
end_of_record
TN:
SF:src\models\AuditLog.js
FN:8,(anonymous_0)
FNF:1
FNH:0
FNDA:0,(anonymous_0)
DA:2,6
DA:8,0
DA:10,6
LF:3
LH:2
BRF:0
BRH:0
end_of_record
TN:
SF:src\models\Config.js
FNF:0
FNH:0
DA:2,6
DA:7,6
LF:2
LH:2
BRF:0
BRH:0
end_of_record
TN:
SF:src\models\Reply.js
FNF:0
FNH:0
DA:3,6
DA:12,6
LF:2
LH:2
BRF:0
BRH:0
end_of_record
TN:
SF:src\models\Ticket.js
FNF:0
FNH:0
DA:2,6
DA:11,6
LF:2
LH:2
BRF:0
BRH:0
end_of_record
TN:
SF:src\models\User.js
FNF:0
FNH:0
DA:3,6
DA:10,6
LF:2
LH:2
BRF:0
BRH:0
end_of_record
TN:
SF:src\routes\agent.js
FN:20,(anonymous_0)
FN:27,(anonymous_1)
FN:38,(anonymous_2)
FN:44,(anonymous_3)
FN:60,(anonymous_4)
FN:77,(anonymous_5)
FNF:6
FNH:6
FNDA:7,(anonymous_0)
FNDA:3,(anonymous_1)
FNDA:3,(anonymous_2)
FNDA:3,(anonymous_3)
FNDA:3,(anonymous_4)
FNDA:1,(anonymous_5)
DA:17,6
DA:20,6
DA:21,7
DA:22,7
DA:23,7
DA:27,6
DA:28,3
DA:29,3
DA:30,3
DA:31,3
DA:33,3
DA:34,3
DA:38,6
DA:39,3
DA:40,2
DA:44,6
DA:45,3
DA:46,3
DA:48,3
DA:56,3
DA:60,6
DA:61,3
DA:62,3
DA:64,3
DA:65,3
DA:67,3
DA:73,3
DA:77,6
DA:78,1
DA:82,1
DA:83,0
DA:86,1
LF:32
LH:31
BRDA:22,0,0,7
BRDA:22,0,1,7
BRDA:29,1,0,1
BRDA:29,1,1,2
BRDA:30,2,0,1
BRDA:30,2,1,2
BRDA:31,3,0,0
BRDA:31,3,1,3
BRDA:45,4,0,0
BRDA:61,5,0,0
BRDA:65,6,0,3
BRDA:65,6,1,0
BRDA:82,7,0,0
BRDA:82,7,1,1
BRF:14
BRH:9
end_of_record
TN:
SF:src\routes\audit.js
FN:6,(anonymous_0)
FNF:1
FNH:1
FNDA:4,(anonymous_0)
DA:5,6
DA:6,6
DA:7,4
DA:8,4
LF:4
LH:4
BRF:0
BRH:0
end_of_record
TN:
SF:src\routes\auth.js
FN:11,(anonymous_0)
FN:21,(anonymous_1)
FNF:2
FNH:2
FNDA:4,(anonymous_0)
FNDA:2,(anonymous_1)
DA:9,6
DA:11,6
DA:12,4
DA:13,4
DA:14,4
DA:15,3
DA:16,3
DA:17,3
DA:18,3
DA:21,6
DA:22,2
DA:23,2
DA:24,2
DA:25,1
DA:26,1
DA:27,1
DA:28,1
LF:17
LH:17
BRDA:14,0,0,1
BRDA:14,0,1,3
BRDA:24,1,0,1
BRDA:24,1,1,1
BRDA:26,2,0,0
BRDA:26,2,1,1
BRF:6
BRH:5
end_of_record
TN:
SF:src\routes\config.js
FN:8,(anonymous_0)
FN:14,(anonymous_1)
FNF:2
FNH:0
FNDA:0,(anonymous_0)
FNDA:0,(anonymous_1)
DA:6,6
DA:8,6
DA:9,0
DA:10,0
DA:11,0
DA:14,6
DA:15,0
DA:16,0
DA:17,0
DA:18,0
DA:19,0
LF:11
LH:3
BRDA:10,0,0,0
BRDA:10,0,1,0
BRDA:16,1,0,0
BRDA:16,1,1,0
BRF:4
BRH:0
end_of_record
TN:
SF:src\routes\kb.js
FN:11,(anonymous_0)
FN:17,(anonymous_1)
FN:21,(anonymous_2)
FN:28,(anonymous_3)
FNF:4
FNH:3
FNDA:2,(anonymous_0)
FNDA:1,(anonymous_1)
FNDA:1,(anonymous_2)
FNDA:0,(anonymous_3)
DA:9,6
DA:11,6
DA:12,2
DA:13,2
DA:14,2
DA:17,6
DA:18,1
DA:19,1
DA:21,6
DA:22,1
DA:23,1
DA:24,0
DA:26,1
DA:28,6
DA:29,0
DA:30,0
DA:31,0
DA:33,0
LF:18
LH:13
BRDA:12,0,0,2
BRDA:12,0,1,1
BRDA:23,1,0,0
BRDA:23,1,1,1
BRDA:30,2,0,0
BRDA:30,2,1,0
BRF:6
BRH:3
end_of_record
TN:
SF:src\routes\replies.js
FN:14,(anonymous_0)
FN:24,(anonymous_1)
FNF:2
FNH:0
FNDA:0,(anonymous_0)
FNDA:0,(anonymous_1)
DA:11,6
DA:14,6
DA:15,0
DA:20,0
DA:24,6
DA:25,0
DA:27,0
DA:28,0
DA:29,0
DA:33,0
DA:42,0
DA:43,0
DA:44,0
DA:48,0
DA:49,0
DA:58,0
DA:59,0
LF:17
LH:3
BRDA:28,0,0,0
BRDA:28,0,1,0
BRDA:42,1,0,0
BRDA:42,1,1,0
BRF:4
BRH:0
end_of_record
TN:
SF:src\routes\tickets.js
FN:14,(anonymous_0)
FN:23,(anonymous_1)
FN:31,(anonymous_2)
FN:39,(anonymous_3)
FN:48,(anonymous_4)
FNF:5
FNH:3
FNDA:2,(anonymous_0)
FNDA:3,(anonymous_1)
FNDA:1,(anonymous_2)
FNDA:0,(anonymous_3)
FNDA:0,(anonymous_4)
DA:12,6
DA:14,6
DA:15,2
DA:16,2
DA:17,2
DA:18,2
DA:19,2
DA:20,2
DA:23,6
DA:24,3
DA:25,3
DA:26,3
DA:27,3
DA:28,3
DA:31,6
DA:32,1
DA:33,1
DA:34,0
DA:36,1
DA:39,6
DA:40,0
DA:41,0
DA:42,0
DA:43,0
DA:44,0
DA:45,0
DA:48,6
DA:49,0
DA:50,0
DA:51,0
DA:53,0
DA:54,0
LF:32
LH:20
BRDA:25,0,0,1
BRDA:25,0,1,2
BRDA:26,1,0,1
BRDA:26,1,1,2
BRDA:33,2,0,0
BRDA:33,2,1,1
BRDA:41,3,0,0
BRDA:41,3,1,0
BRDA:42,4,0,0
BRDA:42,4,1,0
BRDA:44,5,0,0
BRDA:44,5,1,0
BRDA:50,6,0,0
BRDA:50,6,1,0
BRF:14
BRH:5
end_of_record
TN:
SF:src\schemas\validation.js
FNF:0
FNH:0
DA:4,6
DA:12,6
DA:20,6
DA:28,6
DA:35,6
DA:42,6
DA:51,6
DA:63,6
DA:70,6
DA:79,6
DA:86,6
DA:93,6
DA:100,6
DA:106,6
LF:14
LH:14
BRF:0
BRH:0
end_of_record
TN:
SF:src\services\agent.js
FN:16,classifyHeuristic
FN:29,retrieveKB
FN:31,(anonymous_2)
FN:42,draftReply
FN:49,(anonymous_4)
FN:70,(anonymous_5)
FN:76,getReplyTemplate
FN:140,getPersonalizedGreeting
FN:151,buildReplyFromTemplate
FN:164,(anonymous_9)
FN:188,appendAudit
FN:194,getAgentSuggestion
FN:196,(anonymous_12)
FN:212,getPendingSuggestions
FN:214,(anonymous_14)
FN:237,sendAgentReply
FN:239,(anonymous_16)
FN:292,regenerateSuggestion
FN:294,(anonymous_18)
FN:313,(anonymous_19)
FN:322,(anonymous_20)
FN:347,runTriage
FN:349,(anonymous_22)
FN:360,(anonymous_23)
FN:370,(anonymous_24)
FNF:25
FNH:24
FNDA:12,classifyHeuristic
FNDA:12,retrieveKB
FNDA:12,(anonymous_2)
FNDA:12,draftReply
FNDA:9,(anonymous_4)
FNDA:9,(anonymous_5)
FNDA:12,getReplyTemplate
FNDA:12,getPersonalizedGreeting
FNDA:12,buildReplyFromTemplate
FNDA:9,(anonymous_9)
FNDA:70,appendAudit
FNDA:6,getAgentSuggestion
FNDA:6,(anonymous_12)
FNDA:3,getPendingSuggestions
FNDA:3,(anonymous_14)
FNDA:3,sendAgentReply
FNDA:3,(anonymous_16)
FNDA:3,regenerateSuggestion
FNDA:3,(anonymous_18)
FNDA:3,(anonymous_19)
FNDA:0,(anonymous_20)
FNDA:9,runTriage
FNDA:9,(anonymous_22)
FNDA:6,(anonymous_23)
FNDA:6,(anonymous_24)
DA:10,6
DA:17,12
DA:18,12
DA:19,72
DA:20,96
DA:21,72
DA:22,12
DA:23,12
DA:24,36
DA:25,12
DA:26,12
DA:30,12
DA:32,12
DA:36,12
DA:43,12
DA:46,12
DA:49,12
DA:57,12
DA:60,12
DA:68,12
DA:70,9
DA:77,12
DA:137,12
DA:141,12
DA:142,12
DA:144,12
DA:145,12
DA:146,12
DA:148,12
DA:152,12
DA:155,12
DA:156,12
DA:157,12
DA:160,12
DA:161,12
DA:162,8
DA:164,9
DA:167,4
DA:170,12
DA:173,12
DA:183,12
DA:185,12
DA:189,70
DA:195,6
DA:197,6
DA:202,6
DA:203,1
DA:206,5
DA:213,3
DA:215,3
DA:218,3
DA:219,3
DA:220,3
DA:221,0
DA:222,0
DA:225,3
DA:231,3
DA:238,3
DA:240,3
DA:241,3
DA:242,0
DA:245,3
DA:246,3
DA:247,0
DA:251,3
DA:254,3
DA:264,3
DA:265,2
DA:267,1
DA:269,3
DA:272,3
DA:279,3
DA:280,2
DA:286,3
DA:293,3
DA:295,3
DA:296,3
DA:297,0
DA:300,3
DA:303,3
DA:304,3
DA:307,3
DA:310,3
DA:311,3
DA:312,3
DA:313,3
DA:314,3
DA:315,3
DA:316,3
DA:317,3
DA:319,0
DA:322,0
DA:335,3
DA:341,3
DA:348,9
DA:350,9
DA:351,9
DA:352,9
DA:354,9
DA:356,9
DA:357,9
DA:359,9
DA:360,9
DA:362,9
DA:363,9
DA:365,9
DA:367,9
DA:370,6
DA:377,9
DA:378,9
DA:379,9
DA:380,7
DA:383,7
DA:392,7
DA:393,7
DA:395,2
DA:396,2
DA:398,9
DA:400,7
DA:401,7
LF:120
LH:113
BRDA:19,0,0,18
BRDA:19,0,1,54
BRDA:20,1,0,10
BRDA:20,1,1,86
BRDA:21,2,0,1
BRDA:21,2,1,71
BRDA:24,3,0,11
BRDA:24,3,1,25
BRDA:26,4,0,1
BRDA:26,4,1,11
BRDA:42,5,0,9
BRDA:43,6,0,9
BRDA:43,7,0,12
BRDA:52,8,0,0
BRDA:52,8,1,9
BRDA:53,9,0,9
BRDA:53,9,1,0
BRDA:57,10,0,12
BRDA:57,10,1,0
BRDA:76,11,0,0
BRDA:137,12,0,12
BRDA:137,12,1,1
BRDA:144,13,0,0
BRDA:144,13,1,12
BRDA:145,14,0,0
BRDA:145,14,1,12
BRDA:161,15,0,8
BRDA:161,15,1,4
BRDA:173,16,0,8
BRDA:173,16,1,4
BRDA:188,17,0,21
BRDA:202,18,0,1
BRDA:202,18,1,5
BRDA:212,19,0,0
BRDA:218,20,0,1
BRDA:218,20,1,2
BRDA:219,21,0,1
BRDA:219,21,1,2
BRDA:220,22,0,0
BRDA:220,22,1,3
BRDA:237,23,0,0
BRDA:241,24,0,0
BRDA:241,24,1,3
BRDA:246,25,0,0
BRDA:246,25,1,3
BRDA:251,26,0,3
BRDA:251,26,1,2
BRDA:264,27,0,2
BRDA:264,27,1,1
BRDA:279,28,0,2
BRDA:279,28,1,1
BRDA:292,29,0,0
BRDA:296,30,0,0
BRDA:296,30,1,3
BRDA:303,31,0,3
BRDA:303,31,1,0
BRDA:304,32,0,3
BRDA:304,32,1,0
BRDA:311,33,0,3
BRDA:311,33,1,0
BRDA:327,34,0,0
BRDA:327,34,1,0
BRDA:328,35,0,0
BRDA:328,35,1,0
BRDA:352,36,0,0
BRDA:352,36,1,9
BRDA:356,37,0,9
BRDA:356,37,1,0
BRDA:359,38,0,9
BRDA:359,38,1,0
BRDA:365,39,0,9
BRDA:365,39,1,9
BRDA:374,40,0,9
BRDA:374,40,1,0
BRDA:374,41,0,9
BRDA:374,41,1,0
BRDA:379,42,0,7
BRDA:379,42,1,2
BRF:78
BRH:53
end_of_record
TN:
SF:src\services\kb.js
FN:3,(anonymous_0)
FNF:1
FNH:1
FNDA:2,(anonymous_0)
DA:2,6
DA:4,2
DA:5,1
LF:3
LH:3
BRDA:4,0,0,1
BRDA:4,0,1,1
BRF:2
BRH:2
end_of_record
TN:
SF:src\services\notifications.js
FN:1,(anonymous_0)
FNF:1
FNH:0
FNDA:0,(anonymous_0)
DA:1,0
DA:2,0
LF:2
LH:0
BRF:0
BRH:0
end_of_record
TN:
SF:src\services\tickets.js
FN:3,(anonymous_0)
FN:4,(anonymous_1)
FN:5,(anonymous_2)
FNF:3
FNH:0
FNDA:0,(anonymous_0)
FNDA:0,(anonymous_1)
FNDA:0,(anonymous_2)
DA:2,0
DA:3,0
DA:4,0
DA:5,0
LF:4
LH:0
BRF:0
BRH:0
end_of_record
